<?xml version="1.0" encoding="UTF-8"?>
<!-- Generated by org.testng.reporters.JUnitReportReporter -->
<testsuite hostname="Somnath-PC" failures="0" tests="11" name="parallel.MyTestRunner" time="87.391" errors="0" timestamp="08 Nov 2021 14:37:16 GMT" skipped="0">
  <testcase classname="parallel.MyTestRunner" name="runScenario" time="9.253"/>
  <testcase classname="parallel.MyTestRunner" name="runScenario" time="12.133"/>
  <testcase classname="parallel.MyTestRunner" name="runScenario" time="11.913"/>
  <testcase classname="parallel.MyTestRunner" name="runScenario" time="4.535"/>
  <testcase classname="parallel.MyTestRunner" name="runScenario" time="0.402"/>
  <testcase classname="parallel.MyTestRunner" name="runScenario" time="9.994"/>
  <testcase classname="parallel.MyTestRunner" name="runScenario" time="8.873"/>
  <testcase classname="parallel.MyTestRunner" name="runScenario" time="5.793"/>
  <testcase classname="parallel.MyTestRunner" name="runScenario" time="13.314"/>
  <testcase classname="parallel.MyTestRunner" name="runScenario" time="3.167"/>
  <testcase classname="parallel.MyTestRunner" name="runScenario" time="8.014"/>
</testsuite> <!-- parallel.MyTestRunner -->
